
> @growmodo/web@0.1.0 build
> next build

▲ Next.js 16.2.3 (Turbopack)
- Environments: .env.local

  Creating an optimized production build ...
✓ Compiled successfully in 10.4s
  Running TypeScript ...
Failed to type check.

./src/auth.ts:5:52
Type error: Cannot find name 'NextAuth'.

  [90m3 |[0m [36mimport[0m { prisma } [36mfrom[0m [32m"@growmodo/db"[0m
  [90m4 |[0m
[31m[1m>[0m [90m5 |[0m [36mexport[0m [36mconst[0m { handlers, auth, signIn, signOut } = [33mNextAuth[0m({
  [90m  |[0m                                                    [31m[1m^[0m
  [90m6 |[0m   adapter: [33mPrismaAdapter[0m(prisma),
  [90m7 |[0m   providers: [
  [90m8 |[0m     [33mGoogle[0m({
Next.js build worker exited with code: 1 and signal: null
npm error Lifecycle script `build` failed with error:
npm error code 1
npm error path D:\Growmodo website\apps\web
npm error workspace @growmodo/web@0.1.0
npm error location D:\Growmodo website\apps\web
npm error command failed
npm error command C:\WINDOWS\system32\cmd.exe /d /s /c next build
